<?xml version="1.0" encoding="UTF-8"?>
<testsuite xmlns:xsi="http://www.w3.org/2001/XMLSchema-instance" xsi:noNamespaceSchemaLocation="https://maven.apache.org/surefire/maven-surefire-plugin/xsd/surefire-test-report.xsd" name="com.example.demo.BookServiceTest" time="0.079" tests="13" errors="0" skipped="1" failures="3">
  <properties>
[...]
</properties>
  <testcase name="testGetBookMethodWithParam{int}[1]" classname="com.example.demo.BookServiceTest" time="0.023"/>
  <testcase name="testGetBookMethodWithParam{int}[2]" classname="com.example.demo.BookServiceTest" time="0.001"/>
  <testcase name="testGetBookMethodWithParam{int}[3]" classname="com.example.demo.BookServiceTest" time="0.001"/>
  <testcase name="testForTenPercentDiscount" classname="com.example.demo.BookServiceTest" time="0.017">
    <failure message="expected: &lt;0.1&gt; but was: &lt;0.05&gt;" type="org.opentest4j.AssertionFailedError"><![CDATA[org.opentest4j.AssertionFailedError: expected: <0.1> but was: <0.05>
	at com.example.demo.BookServiceTest.testForTenPercentDiscount(BookServiceTest.java:82)
]]></failure>
  </testcase>
  <testcase name="testForFifteenPercentDiscount" classname="com.example.demo.BookServiceTest" time="0.001">
    <failure message="expected: &lt;0.15&gt; but was: &lt;0.1&gt;" type="org.opentest4j.AssertionFailedError"><![CDATA[org.opentest4j.AssertionFailedError: expected: <0.15> but was: <0.1>
	at com.example.demo.BookServiceTest.testForFifteenPercentDiscount(BookServiceTest.java:90)
]]></failure>
  </testcase>
  <testcase name="testGetAllBooksPosition{int}[1]" classname="com.example.demo.BookServiceTest" time="0.001"/>
  <testcase name="testGetAllBooksPosition{int}[2]" classname="com.example.demo.BookServiceTest" time="0.001"/>
  <testcase name="testGetAllBooksPosition{int}[3]" classname="com.example.demo.BookServiceTest" time="0.003"/>
  <testcase name="testGetBookTestFivePercentDiscount" classname="com.example.demo.BookServiceTest" time="0">
    <skipped message="disabled till timeout bug in the method is fixed"/>
  </testcase>
  <testcase name="testGetBookMethodNotNull" classname="com.example.demo.BookServiceTest" time="0.003"/>
  <testcase name="testGetBookMethodReturnNull" classname="com.example.demo.BookServiceTest" time="0.001"/>
  <testcase name="testgetBookCompleteTiming" classname="com.example.demo.BookServiceTest" time="0.003">
    <failure message="expected: &lt;0.15&gt; but was: &lt;0.1&gt;" type="org.opentest4j.AssertionFailedError"><![CDATA[org.opentest4j.AssertionFailedError: expected: <0.15> but was: <0.1>
	at com.example.demo.BookServiceTest.testgetBookCompleteTiming(BookServiceTest.java:99)
]]></failure>
  </testcase>
  <testcase name="testForException" classname="com.example.demo.BookServiceTest" time="0.001"/>
</testsuite>